<?xml version="1.0" encoding="UTF-8"?>
<!-- Generated by org.testng.reporters.JUnitReportReporter -->
<testsuite skipped="0" hostname="Alexanders-MacBook-Pro.local" name="Test_2_emptyList_addToFrontA_A" tests="24" failures="0" timestamp="03 Apr 2019 03:44:23 GMT" time="0.006" errors="0">
  <testcase name="testListIterator_validIndex" time="0.000" classname="Test_2_emptyList_addToFrontA_A"/>
  <testcase name="testRemove_invalidIndex" time="0.000" classname="Test_2_emptyList_addToFrontA_A"/>
  <testcase name="testAdd" time="0.000" classname="Test_2_emptyList_addToFrontA_A"/>
  <testcase name="testGet" time="0.000" classname="Test_2_emptyList_addToFrontA_A"/>
  <testcase name="testSize" time="0.001" classname="Test_2_emptyList_addToFrontA_A"/>
  <testcase name="testToString" time="0.001" classname="Test_2_emptyList_addToFrontA_A"/>
  <testcase name="testRemoveFirst" time="0.001" classname="Test_2_emptyList_addToFrontA_A"/>
  <testcase name="testAdd_invalidIndex" time="0.000" classname="Test_2_emptyList_addToFrontA_A"/>
  <testcase name="testIsEmpty" time="0.000" classname="Test_2_emptyList_addToFrontA_A"/>
  <testcase name="testRemove_invalidElement" time="0.000" classname="Test_2_emptyList_addToFrontA_A"/>
  <testcase name="testFirst" time="0.000" classname="Test_2_emptyList_addToFrontA_A"/>
  <testcase name="testListIterator" time="0.000" classname="Test_2_emptyList_addToFrontA_A"/>
  <testcase name="testIterator" time="0.000" classname="Test_2_emptyList_addToFrontA_A"/>
  <testcase name="testAdd_validIndex" time="0.000" classname="Test_2_emptyList_addToFrontA_A"/>
  <testcase name="testIndexOf_invalidElement" time="0.000" classname="Test_2_emptyList_addToFrontA_A"/>
  <testcase name="testAddAfter_invalidElement" time="0.000" classname="Test_2_emptyList_addToFrontA_A"/>
  <testcase name="testListIterator_invalidIndex" time="0.000" classname="Test_2_emptyList_addToFrontA_A"/>
  <testcase name="testAdd_invalidIndex" time="0.002" classname="Test_2_emptyList_addToFrontA_A"/>
  <testcase name="testLast" time="0.000" classname="Test_2_emptyList_addToFrontA_A"/>
  <testcase name="testContains_invalidElement" time="0.000" classname="Test_2_emptyList_addToFrontA_A"/>
  <testcase name="testSet" time="0.000" classname="Test_2_emptyList_addToFrontA_A"/>
  <testcase name="testRemoveLast" time="0.000" classname="Test_2_emptyList_addToFrontA_A"/>
  <testcase name="testAddToRear" time="0.001" classname="Test_2_emptyList_addToFrontA_A"/>
  <testcase name="testAddToFront" time="0.000" classname="Test_2_emptyList_addToFrontA_A"/>
</testsuite> <!-- Test_2_emptyList_addToFrontA_A -->
