<?xml version="1.0" encoding="UTF-8"?>
<!-- Generated by org.testng.reporters.JUnitReportReporter -->
<testsuite skipped="0" hostname="Alexanders-MacBook-Pro.local" name="Test_35_ABC_removeA_BC" tests="45" failures="0" timestamp="03 Apr 2019 03:44:23 GMT" time="0.004" errors="0">
  <testcase name="testSet_invalidIndex" time="0.000" classname="Test_35_ABC_removeA_BC"/>
  <testcase name="testRemove_invalidElement" time="0.000" classname="Test_35_ABC_removeA_BC"/>
  <testcase name="testAdd" time="0.000" classname="Test_35_ABC_removeA_BC"/>
  <testcase name="testRemoveLast" time="0.000" classname="Test_35_ABC_removeA_BC"/>
  <testcase name="testAddToRear" time="0.000" classname="Test_35_ABC_removeA_BC"/>
  <testcase name="testGet_validIndex" time="0.000" classname="Test_35_ABC_removeA_BC"/>
  <testcase name="testAddAfter_invalidElement" time="0.001" classname="Test_35_ABC_removeA_BC"/>
  <testcase name="testAddToFront" time="0.000" classname="Test_35_ABC_removeA_BC"/>
  <testcase name="testListIterator_validIndex" time="0.000" classname="Test_35_ABC_removeA_BC"/>
  <testcase name="testGet_invalidIndex" time="0.000" classname="Test_35_ABC_removeA_BC"/>
  <testcase name="testSize" time="0.000" classname="Test_35_ABC_removeA_BC"/>
  <testcase name="testAdd_validIndex" time="0.000" classname="Test_35_ABC_removeA_BC"/>
  <testcase name="testIndexOf" time="0.000" classname="Test_35_ABC_removeA_BC"/>
  <testcase name="testRemove_validIndex" time="0.000" classname="Test_35_ABC_removeA_BC"/>
  <testcase name="testListIterator_invalidIndex" time="0.000" classname="Test_35_ABC_removeA_BC"/>
  <testcase name="testListIterator" time="0.000" classname="Test_35_ABC_removeA_BC"/>
  <testcase name="testIterator" time="0.000" classname="Test_35_ABC_removeA_BC"/>
  <testcase name="testFirst" time="0.000" classname="Test_35_ABC_removeA_BC"/>
  <testcase name="testAdd_validIndex" time="0.000" classname="Test_35_ABC_removeA_BC"/>
  <testcase name="testSet_invalidIndex" time="0.000" classname="Test_35_ABC_removeA_BC"/>
  <testcase name="testRemove_invalidIndex" time="0.000" classname="Test_35_ABC_removeA_BC"/>
  <testcase name="testSet_validIndex" time="0.000" classname="Test_35_ABC_removeA_BC"/>
  <testcase name="testContains_validElement" time="0.000" classname="Test_35_ABC_removeA_BC"/>
  <testcase name="testRemoveFirst" time="0.000" classname="Test_35_ABC_removeA_BC"/>
  <testcase name="testLast" time="0.000" classname="Test_35_ABC_removeA_BC"/>
  <testcase name="testAdd_invalidIndex" time="0.001" classname="Test_35_ABC_removeA_BC"/>
  <testcase name="testRemove_invalidIndex" time="0.000" classname="Test_35_ABC_removeA_BC"/>
  <testcase name="testRemove_validElement" time="0.001" classname="Test_35_ABC_removeA_BC"/>
  <testcase name="testListIterator_invalidIndex" time="0.000" classname="Test_35_ABC_removeA_BC"/>
  <testcase name="testRemove_validElement" time="0.000" classname="Test_35_ABC_removeA_BC"/>
  <testcase name="testIndexOf" time="0.001" classname="Test_35_ABC_removeA_BC"/>
  <testcase name="testAddAfter_validElement" time="0.000" classname="Test_35_ABC_removeA_BC"/>
  <testcase name="testGet_validIndex" time="0.000" classname="Test_35_ABC_removeA_BC"/>
  <testcase name="testAddAfter_validElement" time="0.000" classname="Test_35_ABC_removeA_BC"/>
  <testcase name="testListIterator_validIndex" time="0.000" classname="Test_35_ABC_removeA_BC"/>
  <testcase name="testListIterator_validIndex" time="0.000" classname="Test_35_ABC_removeA_BC"/>
  <testcase name="testRemove_validIndex" time="0.000" classname="Test_35_ABC_removeA_BC"/>
  <testcase name="testIsEmpty" time="0.000" classname="Test_35_ABC_removeA_BC"/>
  <testcase name="testIndexOf" time="0.000" classname="Test_35_ABC_removeA_BC"/>
  <testcase name="testGet_invalidIndex" time="0.000" classname="Test_35_ABC_removeA_BC"/>
  <testcase name="testAdd_invalidIndex" time="0.000" classname="Test_35_ABC_removeA_BC"/>
  <testcase name="testContains_invalidElement" time="0.000" classname="Test_35_ABC_removeA_BC"/>
  <testcase name="testContains_validElement" time="0.000" classname="Test_35_ABC_removeA_BC"/>
  <testcase name="testSet_validIndex" time="0.000" classname="Test_35_ABC_removeA_BC"/>
  <testcase name="testAdd_validIndex" time="0.000" classname="Test_35_ABC_removeA_BC"/>
</testsuite> <!-- Test_35_ABC_removeA_BC -->
